*MESH_VERTEX
0
25.0000
2.2813
2.4063
*MESH_VERTEX
1
23.8750
2.2813
2.4219
*MESH_VERTEX
2
22.8438
2.2969
2.4219
*MESH_VERTEX
3
-2.7344
-3.1094
-1.5781
*MESH_VERTEX
4
-6.7969
1.7813
0.3438
*MESH_VERTEX
5
-6.8125
-2.0313
0.2813
*MESH_VERTEX
6
-7.6875
0.5781
2.1563
*MESH_VERTEX
7
-7.7031
-0.8594
2.1250
*MESH_VERTEX
8
-2.7031
2.8594
-1.4844
*MESH_VERTEX
9
2.4063
1.1875
3.5625
*MESH_VERTEX
10
-4.2813
-1.6250
3.5313
*MESH_VERTEX
11
-4.2656
1.2188
3.5625
*MESH_VERTEX
12
2.3906
-1.6563
3.5156
*MESH_VERTEX
13
4.1406
1.2344
4.1250
*MESH_VERTEX
14
0.9063
-1.7344
4.0781
*MESH_VERTEX
15
0.9219
1.2500
4.1250
*MESH_VERTEX
16
4.1250
-1.7500
4.0781
*MESH_VERTEX
17
0.0625
-2.4844
1.8281
*MESH_VERTEX
18
0.0781
2.0781
1.8906
*MESH_VERTEX
19
0.9063
-1.7344
4.0781
*MESH_VERTEX
20
0.9219
1.2500
4.1250
*MESH_VERTEX
21
4.2188
-1.0313
-5.2031
*MESH_VERTEX
22
-2.5000
1.0313
-4.1875
*MESH_VERTEX
23
-2.5000
-1.2031
-4.2188
*MESH_VERTEX
24
4.2031
-3.1406
-1.5781
*MESH_VERTEX
25
4.2344
2.8281
-1.5000
*MESH_VERTEX
26
4.2188
-1.0313
-5.2031
*MESH_VERTEX
27
-2.5000
-1.2031
-4.2188
*MESH_VERTEX
28
-2.7031
2.8594
-1.4844
*MESH_VERTEX
29
-2.7344
-3.1094
-1.5781
*MESH_VERTEX
30
-7.7031
-0.8594
2.1250
*MESH_VERTEX
31
-6.6250
0.7344
3.7344
*MESH_VERTEX
32
-6.6250
-1.0625
3.7031
*MESH_VERTEX
33
-4.5000
0.8594
4.5625
*MESH_VERTEX
34
-4.5156
-1.2500
4.5313
*MESH_VERTEX
35
4.2188
0.8125
-5.1875
*MESH_VERTEX
36
-7.6875
0.5781
2.1563
*MESH_VERTEX
37
-2.5000
1.0313
-4.1875
*MESH_VERTEX
38
4.2188
0.8125
-5.1875
*MESH_VERTEX
39
3.0469
-2.6563
2.4531
*MESH_VERTEX
40
3.0625
-0.2031
2.4844
*MESH_VERTEX
41
3.9531
-0.6250
5.3438
*MESH_VERTEX
42
8.3906
-0.6406
4.2969
*MESH_VERTEX
43
4.1250
-0.6406
5.6719
*MESH_VERTEX
44
3.9531
-0.6250
5.3438
*MESH_VERTEX
45
4.1250
-1.6563
5.6563
*MESH_VERTEX
46
4.0625
-1.8125
5.5313
*MESH_VERTEX
47
4.1250
-0.6406
5.6719
*MESH_VERTEX
48
8.3906
-0.6406
4.2969
*MESH_VERTEX
49
8.3906
-1.4531
4.2813
*MESH_VERTEX
50
4.1250
-0.6406
5.6719
*MESH_VERTEX
51
4.1250
-1.6563
5.6563
*MESH_VERTEX
52
8.2344
-1.6094
4.2344
*MESH_VERTEX
53
4.0625
-1.8125
5.5313
*MESH_VERTEX
54
8.3906
-1.4531
4.2813
*MESH_VERTEX
55
3.0469
-2.6563
2.4531
*MESH_VERTEX
56
4.1250
-1.6563
5.6563
*MESH_VERTEX
57
3.9531
0.1406
5.3594
*MESH_VERTEX
58
8.3906
0.1250
4.2969
*MESH_VERTEX
59
3.9531
-0.6250
5.3438
*MESH_VERTEX
60
3.0781
2.2500
2.5156
*MESH_VERTEX
61
3.9531
0.1406
5.3594
*MESH_VERTEX
62
8.3906
0.1250
4.2969
*MESH_VERTEX
63
3.9531
0.1406
5.3594
*MESH_VERTEX
64
4.1250
0.1250
5.6719
*MESH_VERTEX
65
4.0781
1.3125
5.5781
*MESH_VERTEX
66
4.1406
1.1563
5.6875
*MESH_VERTEX
67
4.1250
0.1250
5.6719
*MESH_VERTEX
68
8.3906
0.1250
4.2969
*MESH_VERTEX
69
4.1250
0.1250
5.6719
*MESH_VERTEX
70
8.4063
0.9531
4.3125
*MESH_VERTEX
71
4.1406
1.1563
5.6875
*MESH_VERTEX
72
8.2500
1.0938
4.2813
*MESH_VERTEX
73
8.4063
0.9531
4.3125
*MESH_VERTEX
74
4.0781
1.3125
5.5781
*MESH_VERTEX
75
3.0781
2.2500
2.5156
*MESH_VERTEX
76
4.1406
1.1563
5.6875
*MESH_VERTEX
77
8.3906
-0.6406
4.2969
*MESH_VERTEX
78
-6.2031
0.1094
-3.6250
*MESH_VERTEX
79
-5.9063
-0.6250
-3.6875
*MESH_VERTEX
80
-5.3750
0.5469
-3.7813
*MESH_VERTEX
81
-4.8906
-0.6406
-3.8906
*MESH_VERTEX
82
-4.5625
0.0938
-3.9531
*MESH_VERTEX
83
-4.6406
0.5000
-0.1094
*MESH_VERTEX
84
-5.4688
0.0469
0.0469
*MESH_VERTEX
85
-5.3750
0.5469
-3.7813
*MESH_VERTEX
86
-6.2031
0.1094
-3.6250
*MESH_VERTEX
87
-5.1719
-0.6719
-0.0156
*MESH_VERTEX
88
-5.9063
-0.6250
-3.6875
*MESH_VERTEX
89
-4.1563
-0.6875
-0.2188
*MESH_VERTEX
90
-4.8906
-0.6406
-3.8906
*MESH_VERTEX
91
-3.8281
0.0313
-0.2813
*MESH_VERTEX
92
-4.5625
0.0938
-3.9531
*MESH_VERTEX
93
8.5469
3.4375
-1.4375
*MESH_VERTEX
94
2.0469
3.4844
-1.4375
*MESH_VERTEX
95
8.5156
-3.8438
-1.5469
*MESH_VERTEX
96
2.0156
-3.8125
-1.5313
*MESH_VERTEX
97
2.3906
-1.6563
3.5156
*MESH_VERTEX
98
-2.7969
-2.3125
1.7500
*MESH_VERTEX
99
-4.2813
-1.6250
3.5313
*MESH_VERTEX
100
2.3906
-2.3438
1.7500
*MESH_VERTEX
101
2.4063
1.9063
1.7969
*MESH_VERTEX
102
-4.2656
1.2188
3.5625
*MESH_VERTEX
103
-2.7813
1.9375
1.8125
*MESH_VERTEX
104
2.4063
1.1875
3.5625
*MESH_VERTEX
105
4.1250
-1.7500
4.0781
*MESH_VERTEX
106
0.0625
-2.4844
1.8281
*MESH_VERTEX
107
0.9063
-1.7344
4.0781
*MESH_VERTEX
108
4.1250
-2.5000
1.8281
*MESH_VERTEX
109
4.1406
2.0625
1.8906
*MESH_VERTEX
110
0.9219
1.2500
4.1250
*MESH_VERTEX
111
0.0781
2.0781
1.8906
*MESH_VERTEX
112
4.1406
1.2344
4.1250
*MESH_VERTEX
113
-2.2500
-2.6250
1.9063
*MESH_VERTEX
114
-5.3438
-2.3906
2.8594
*MESH_VERTEX
115
-4.5156
-1.2500
4.5313
*MESH_VERTEX
116
-6.8125
-2.0313
0.2813
*MESH_VERTEX
117
-6.6250
-1.0625
3.7031
*MESH_VERTEX
118
-7.7031
-0.8594
2.1250
*MESH_VERTEX
119
4.2031
-3.1406
-1.5781
*MESH_VERTEX
120
-2.7344
-3.1094
-1.5781
*MESH_VERTEX
121
-2.5000
-1.2031
-4.2188
*MESH_VERTEX
122
4.2188
-1.0313
-5.2031
*MESH_VERTEX
123
3.0469
-2.6563
2.4531
*MESH_VERTEX
124
-2.2188
2.2813
1.9688
*MESH_VERTEX
125
-5.3125
2.0625
2.9219
*MESH_VERTEX
126
-6.7969
1.7813
0.3438
*MESH_VERTEX
127
-4.5000
0.8594
4.5625
*MESH_VERTEX
128
-6.6250
0.7344
3.7344
*MESH_VERTEX
129
-7.6875
0.5781
2.1563
*MESH_VERTEX
130
-2.7031
2.8594
-1.4844
*MESH_VERTEX
131
4.2344
2.8281
-1.5000
*MESH_VERTEX
132
-2.5000
1.0313
-4.1875
*MESH_VERTEX
133
4.2188
0.8125
-5.1875
*MESH_VERTEX
134
3.0781
2.2500
2.5156
*MESH_VERTEX
135
8.3750
0.6094
4.0938
*MESH_VERTEX
136
8.3750
0.0625
4.8750
*MESH_VERTEX
137
8.3750
-0.2969
5.0156
*MESH_VERTEX
138
8.3750
-1.1875
4.0625
*MESH_VERTEX
139
8.3750
-0.6563
4.8750
*MESH_VERTEX
140
26.8750
3.8594
2.0469
*MESH_VERTEX
141
27.5156
2.4844
1.4219
*MESH_VERTEX
142
27.5156
2.3281
2.3125
*MESH_VERTEX
143
26.8750
4.2969
1.4844
*MESH_VERTEX
144
27.5156
2.2031
0.1563
*MESH_VERTEX
145
26.8750
3.9531
0.6875
*MESH_VERTEX
146
26.8281
-4.5781
1.9219
*MESH_VERTEX
147
27.5000
-3.0469
2.2344
*MESH_VERTEX
148
27.4844
-3.1875
1.3438
*MESH_VERTEX
149
26.8281
-5.0000
1.3594
*MESH_VERTEX
150
27.5000
-2.8750
0.0938
*MESH_VERTEX
151
26.8281
-4.6250
0.5625
*MESH_VERTEX
152
8.5156
-3.8438
-1.5469
*MESH_VERTEX
153
2.0156
-3.8125
-1.5313
*MESH_VERTEX
154
8.5156
-3.5938
1.8594
*MESH_VERTEX
155
2.0156
-2.6250
4.1406
*MESH_VERTEX
156
8.5156
-2.6563
4.1406
*MESH_VERTEX
157
2.0469
1.8281
4.4375
*MESH_VERTEX
158
8.5469
1.7969
4.4219
*MESH_VERTEX
159
8.5156
-2.3438
4.3750
*MESH_VERTEX
160
2.0469
3.1250
1.9531
*MESH_VERTEX
161
8.5469
3.0938
1.9531
*MESH_VERTEX
162
8.5469
2.0938
4.2344
*MESH_VERTEX
163
8.5469
3.4375
-1.4375
*MESH_VERTEX
164
2.0469
2.1250
4.2344
*MESH_VERTEX
165
2.0469
1.8281
4.4375
*MESH_VERTEX
166
2.0156
-2.6250
4.1406
*MESH_VERTEX
167
8.5469
2.0938
4.2344
*MESH_VERTEX
168
8.5156
-2.6563
4.1406
*MESH_VERTEX
169
8.5469
1.7969
4.4219
*MESH_VERTEX
170
2.0469
3.4844
-1.4375
*MESH_VERTEX
171
8.5156
-2.3438
4.3750
*MESH_VERTEX
172
2.0156
-2.2969
4.3750
*MESH_VERTEX
173
8.5469
3.0938
1.9531
*MESH_VERTEX
174
8.5156
-2.3438
4.3750
*MESH_VERTEX
175
8.5469
1.7969
4.4219
*MESH_VERTEX
176
2.0469
1.8281
4.4375
*MESH_VERTEX
177
2.0156
-3.5469
1.8594
*MESH_VERTEX
178
2.0156
-2.2969
4.3750
*MESH_VERTEX
179
2.0469
2.1250
4.2344
*MESH_VERTEX
180
2.0469
3.4844
-1.4375
*MESH_VERTEX
181
2.0156
-3.5469
1.8594
*MESH_VERTEX
182
2.0156
-3.8125
-1.5313
*MESH_VERTEX
183
2.0469
3.1250
1.9531
*MESH_VERTEX
184
8.5156
-3.5938
1.8594
*MESH_VERTEX
185
8.5469
3.4375
-1.4375
*MESH_VERTEX
186
8.5156
-3.8438
-1.5469
*MESH_VERTEX
187
2.0156
-2.2969
4.3750
*MESH_VERTEX
188
26.8750
3.8594
2.0469
*MESH_VERTEX
189
27.5156
2.3281
2.3125
*MESH_VERTEX
190
26.0469
2.2813
2.4063
*MESH_VERTEX
191
25.2344
3.6719
2.0313
*MESH_VERTEX
192
26.8750
4.2969
1.4844
*MESH_VERTEX
193
24.3906
3.9375
1.4844
*MESH_VERTEX
194
25.0000
2.2813
2.4063
*MESH_VERTEX
195
23.4063
2.5000
1.4219
*MESH_VERTEX
196
26.8750
3.9531
0.6875
*MESH_VERTEX
197
23.8438
2.3594
0.5625
*MESH_VERTEX
198
27.5156
2.2031
0.1563
*MESH_VERTEX
199
24.3906
3.9375
1.4844
*MESH_VERTEX
200
23.4063
2.5000
1.4219
*MESH_VERTEX
201
23.8438
2.3594
0.5625
*MESH_VERTEX
202
26.8281
-4.5781
1.9219
*MESH_VERTEX
203
26.0156
-3.0000
2.3438
*MESH_VERTEX
204
27.5000
-3.0469
2.2344
*MESH_VERTEX
205
26.8281
-5.0000
1.3594
*MESH_VERTEX
206
25.1875
-4.3594
1.9219
*MESH_VERTEX
207
24.3594
-4.6094
1.3594
*MESH_VERTEX
208
23.3750
-3.1719
1.3438
*MESH_VERTEX
209
24.9688
-2.9844
2.3438
*MESH_VERTEX
210
26.8281
-4.6250
0.5625
*MESH_VERTEX
211
27.5000
-2.8750
0.0938
*MESH_VERTEX
212
23.8281
-3.0156
0.4844
*MESH_VERTEX
213
24.3594
-4.6094
1.3594
*MESH_VERTEX
214
23.8281
-3.0156
0.4844
*MESH_VERTEX
215
23.3750
-3.1719
1.3438
*MESH_VERTEX
216
27.5156
0.9063
-1.1563
*MESH_VERTEX
217
8.3750
1.0000
-1.1406
*MESH_VERTEX
218
27.5156
0.9219
-2.2344
*MESH_VERTEX
219
13.2813
0.9844
-2.2188
*MESH_VERTEX
220
27.5000
0.5313
-3.2969
*MESH_VERTEX
221
27.5156
-0.4063
5.0000
*MESH_VERTEX
222
26.0313
-0.3906
5.0000
*MESH_VERTEX
223
26.0313
-0.0313
4.8750
*MESH_VERTEX
224
8.3750
1.3906
3.7031
*MESH_VERTEX
225
22.8281
1.3125
3.6875
*MESH_VERTEX
226
22.8281
0.5313
4.0781
*MESH_VERTEX
227
27.5156
1.2813
3.6875
*MESH_VERTEX
228
26.0469
1.2969
3.6875
*MESH_VERTEX
229
26.0469
1.9219
3.0781
*MESH_VERTEX
230
23.4063
2.5000
1.4219
*MESH_VERTEX
231
8.3906
2.5781
1.4375
*MESH_VERTEX
232
23.8438
2.3594
0.5625
*MESH_VERTEX
233
27.5156
2.2031
0.1563
*MESH_VERTEX
234
8.3906
2.5156
0.7813
*MESH_VERTEX
235
27.5156
1.4375
-0.8281
*MESH_VERTEX
236
8.3750
1.9688
-0.3594
*MESH_VERTEX
237
26.0469
2.2813
2.4063
*MESH_VERTEX
238
27.5156
2.3281
2.3125
*MESH_VERTEX
239
27.5156
1.9063
3.0781
*MESH_VERTEX
240
23.8750
-0.3906
5.0156
*MESH_VERTEX
241
23.8750
-0.0156
4.8750
*MESH_VERTEX
242
24.9844
-0.0313
4.8750
*MESH_VERTEX
243
23.8750
1.3125
3.6875
*MESH_VERTEX
244
23.8750
1.9219
3.0781
*MESH_VERTEX
245
25.0000
1.9219
3.0781
*MESH_VERTEX
246
26.0313
0.5156
4.0781
*MESH_VERTEX
247
27.5156
0.5000
4.0781
*MESH_VERTEX
248
22.8438
2.2969
2.4219
*MESH_VERTEX
249
8.3906
2.0156
3.0938
*MESH_VERTEX
250
8.3906
2.4219
2.3281
*MESH_VERTEX
251
22.8438
1.9375
3.0781
*MESH_VERTEX
252
22.8281
-0.3750
5.0156
*MESH_VERTEX
253
8.3750
-0.2969
5.0156
*MESH_VERTEX
254
22.8281
-0.0156
4.8750
*MESH_VERTEX
255
23.8750
0.5313
4.0781
*MESH_VERTEX
256
25.0000
0.5156
4.0781
*MESH_VERTEX
257
25.0000
2.2813
2.4063
*MESH_VERTEX
258
25.0000
1.2969
3.6875
*MESH_VERTEX
259
3.8750
-1.4063
-2.2500
*MESH_VERTEX
260
13.2656
-1.4531
-2.2500
*MESH_VERTEX
261
13.2813
0.9844
-2.2188
*MESH_VERTEX
262
27.5156
-0.0469
4.8594
*MESH_VERTEX
263
8.3750
0.6094
4.0938
*MESH_VERTEX
264
3.8906
1.0156
-1.1406
*MESH_VERTEX
265
3.8906
1.0313
-2.2188
*MESH_VERTEX
266
24.9844
-0.3906
5.0000
*MESH_VERTEX
267
8.3750
0.0625
4.8750
*MESH_VERTEX
268
23.8750
2.2813
2.4219
*MESH_VERTEX
269
27.5000
-1.5313
-1.1875
*MESH_VERTEX
270
27.5000
-1.5156
-2.2656
*MESH_VERTEX
271
8.3594
-1.4375
-1.1719
*MESH_VERTEX
272
27.5000
-1.0938
-3.3281
*MESH_VERTEX
273
13.2656
-1.4531
-2.2500
*MESH_VERTEX
274
27.5000
-1.0938
-3.3281
*MESH_VERTEX
275
27.5000
0.5313
-3.2969
*MESH_VERTEX
276
13.9844
-1.0313
-3.3125
*MESH_VERTEX
277
26.0313
-0.7500
4.8594
*MESH_VERTEX
278
8.3594
-1.9531
3.6563
*MESH_VERTEX
279
22.8125
-1.2656
4.0625
*MESH_VERTEX
280
22.8125
-2.0313
3.6406
*MESH_VERTEX
281
27.5000
-2.0625
3.6406
*MESH_VERTEX
282
26.0156
-2.6563
3.0156
*MESH_VERTEX
283
26.0156
-2.0469
3.6406
*MESH_VERTEX
284
24.9688
-2.9844
2.3438
*MESH_VERTEX
285
23.3750
-3.1719
1.3438
*MESH_VERTEX
286
23.8594
-2.9844
2.3594
*MESH_VERTEX
287
27.5000
-2.8750
0.0938
*MESH_VERTEX
288
27.5000
-2.0781
-0.8750
*MESH_VERTEX
289
8.3594
-3.0000
0.7031
*MESH_VERTEX
290
8.3594
-2.4219
-0.4219
*MESH_VERTEX
291
26.0156
-3.0000
2.3438
*MESH_VERTEX
292
27.5000
-2.6563
3.0156
*MESH_VERTEX
293
27.5000
-3.0469
2.2344
*MESH_VERTEX
294
24.9844
-0.7500
4.8594
*MESH_VERTEX
295
23.8594
-0.7500
4.8594
*MESH_VERTEX
296
23.8594
-2.0313
3.6406
*MESH_VERTEX
297
24.9688
-2.6563
3.0156
*MESH_VERTEX
298
23.8594
-2.6406
3.0156
*MESH_VERTEX
299
26.0313
-1.2813
4.0469
*MESH_VERTEX
300
27.5000
-1.2813
4.0469
*MESH_VERTEX
301
22.8125
-2.9844
2.3438
*MESH_VERTEX
302
8.3594
-2.9531
2.2500
*MESH_VERTEX
303
8.3594
-2.5625
3.0313
*MESH_VERTEX
304
22.8125
-2.6406
3.0156
*MESH_VERTEX
305
22.8281
-0.7344
4.8594
*MESH_VERTEX
306
23.8594
-1.2656
4.0625
*MESH_VERTEX
307
24.9844
-1.2656
4.0469
*MESH_VERTEX
308
24.9844
-2.0469
3.6406
*MESH_VERTEX
309
27.5000
-0.7656
4.8594
*MESH_VERTEX
310
8.3750
-1.1875
4.0625
*MESH_VERTEX
311
8.3594
-3.0938
1.3594
*MESH_VERTEX
312
23.8281
-3.0156
0.4844
*MESH_VERTEX
313
3.8750
-1.4063
-1.1719
*MESH_VERTEX
314
3.8750
-1.4063
-2.2500
*MESH_VERTEX
315
8.3750
-0.6563
4.8750
*MESH_VERTEX
316
13.9844
0.5938
-3.2969
*MESH_VERTEX
317
3.8906
1.0313
-2.2188
*MESH_VERTEX
318
13.9844
0.5938
-3.2969
*MESH_VERTEX
319
13.9844
-1.0313
-3.3125
*MESH_VERTEX
320
-4.5156
-1.2500
4.5313
*MESH_VERTEX
321
-2.2188
2.2813
1.9688
*MESH_VERTEX
322
-2.2500
-2.6250
1.9063
*MESH_VERTEX
323
3.0781
2.2500
2.5156
*MESH_VERTEX
324
3.0469
-2.6563
2.4531
*MESH_VERTEX
325
-4.5000
0.8594
4.5625
}
